<?xml version="1.0" encoding="UTF-8"?>
<!-- Generated by org.testng.reporters.JUnitReportReporter -->
<testsuite hostname="BLR2-5CG1327HQ2" failures="0" tests="4" name="TestCase.Register_Test" time="24.414" errors="0" timestamp="2023-06-03T23:31:04 IST" skipped="0">
  <testcase classname="TestCase.Register_Test" name="RegisterWithAllDetailsProperly" time="6.342"/>
  <system-out/>
  <testcase classname="TestCase.Register_Test" name="RegisterWithExistEmail" time="5.546"/>
  <system-out/>
  <testcase classname="TestCase.Register_Test" name="RegisterWithoutClickingPrivacy" time="6.843"/>
  <system-out/>
  <testcase classname="TestCase.Register_Test" name="RegisterWithAllDetailsProperly" time="5.683"/>
  <system-out/>
</testsuite> <!-- TestCase.Register_Test -->
